<?xml version="1.0" encoding="UTF-8"?>
<robot generator="Robot 3.1.1 (Python 3.7.2 on win32)" generated="20190616 16:22:11.793" rpa="false">
<suite id="s1" name="Front Office" source="C:\Users\claud\PycharmProjects\robotautomation\tests\front_office.robot">
<test id="s1-t1" name="Should be able to access &quot;Team&quot; Page">
<kw name="Begin web test" library="Common" type="setup">
<kw name="Open Browser" library="SeleniumLibrary">
<doc>Opens a new browser instance to the given ``url``.</doc>
<arguments>
<arg>${Star_url}</arg>
<arg>${BROWSER}</arg>
</arguments>
<msg timestamp="20190616 16:22:12.493" level="INFO">Opening browser 'firefox' to base url 'http://www.robotframeworktutorial.com/front-office'.</msg>
<status status="PASS" starttime="20190616 16:22:12.492" endtime="20190616 16:22:24.510"></status>
</kw>
<status status="PASS" starttime="20190616 16:22:12.492" endtime="20190616 16:22:24.511"></status>
</kw>
<kw name="Go to Landing Page" library="FrontOfficeApp">
<kw name="Navigate To" library="Landing">
<kw name="Go To" library="SeleniumLibrary">
<doc>Navigates the active browser instance to the provided ``url``.</doc>
<arguments>
<arg>${STAT_URL}</arg>
</arguments>
<msg timestamp="20190616 16:22:24.514" level="INFO">Opening url 'http://www.robotframeworktutorial.com/front-office/'</msg>
<status status="PASS" starttime="20190616 16:22:24.513" endtime="20190616 16:22:24.720"></status>
</kw>
<status status="PASS" starttime="20190616 16:22:24.512" endtime="20190616 16:22:24.720"></status>
</kw>
<kw name="Verify Page Loaded" library="Landing">
<kw name="Wait Until Element Is Visible" library="SeleniumLibrary">
<doc>Waits until element ``locator`` is visible.</doc>
<arguments>
<arg>${elment_verify}</arg>
</arguments>
<status status="PASS" starttime="20190616 16:22:24.722" endtime="20190616 16:22:24.762"></status>
</kw>
<kw name="Sleep" library="BuiltIn">
<doc>Pauses the test executed for the given time.</doc>
<arguments>
<arg>4s</arg>
</arguments>
<msg timestamp="20190616 16:22:28.764" level="INFO">Slept 4 seconds</msg>
<status status="PASS" starttime="20190616 16:22:24.763" endtime="20190616 16:22:28.764"></status>
</kw>
<status status="PASS" starttime="20190616 16:22:24.721" endtime="20190616 16:22:28.764"></status>
</kw>
<status status="PASS" starttime="20190616 16:22:24.511" endtime="20190616 16:22:28.765"></status>
</kw>
<kw name="Go to &quot;Team&quot; Page" library="FrontOfficeApp">
<kw name="Select &quot;Team&quot; Page" library="TopNav">
<kw name="Click Link" library="SeleniumLibrary">
<doc>Clicks a link identified by ``locator``.</doc>
<arguments>
<arg>${select_team_Link}</arg>
</arguments>
<msg timestamp="20190616 16:22:28.767" level="INFO">Clicking link 'xpath=/html/body/nav/div/div[2]/ul/li[5]/a'.</msg>
<status status="PASS" starttime="20190616 16:22:28.767" endtime="20190616 16:22:29.043"></status>
</kw>
<kw name="Sleep" library="BuiltIn">
<doc>Pauses the test executed for the given time.</doc>
<arguments>
<arg>2s</arg>
</arguments>
<msg timestamp="20190616 16:22:31.045" level="INFO">Slept 2 seconds</msg>
<status status="PASS" starttime="20190616 16:22:29.044" endtime="20190616 16:22:31.045"></status>
</kw>
<status status="PASS" starttime="20190616 16:22:28.766" endtime="20190616 16:22:31.045"></status>
</kw>
<kw name="Validate &quot;Team&quot; page" library="Team">
<kw name="Element Text Should Be" library="SeleniumLibrary">
<doc>Verifies that element ``locator`` contains exact text ``expected``.</doc>
<arguments>
<arg>${team_element}</arg>
<arg>OUR AMAZING TEAM</arg>
</arguments>
<msg timestamp="20190616 16:22:31.047" level="INFO">Verifying element 'xpath=html body#page-top.index section#team.bg-light-gray div.container div.row div.col-lg-12.text-center h2.section-heading' contains exact text 'OUR AMAZING TEAM'.</msg>
<kw name="Capture Page Screenshot" library="SeleniumLibrary">
<doc>Takes screenshot of the current page and embeds it into log file.</doc>
<msg timestamp="20190616 16:22:31.251" level="INFO" html="yes">&lt;/td&gt;&lt;/tr&gt;&lt;tr&gt;&lt;td colspan="3"&gt;&lt;a href="selenium-screenshot-1.png"&gt;&lt;img src="selenium-screenshot-1.png" width="800px"&gt;&lt;/a&gt;</msg>
<status status="PASS" starttime="20190616 16:22:31.056" endtime="20190616 16:22:31.251"></status>
</kw>
<msg timestamp="20190616 16:22:31.255" level="FAIL">InvalidSelectorException: Message: Given xpath expression "html body#page-top.index section#team.bg-light-gray div.container div.row div.col-lg-12.text-center h2.section-heading" is invalid: SyntaxError: The expression is not a legal expression.
</msg>
<status status="FAIL" starttime="20190616 16:22:31.046" endtime="20190616 16:22:31.255"></status>
</kw>
<status status="FAIL" starttime="20190616 16:22:31.046" endtime="20190616 16:22:31.256"></status>
</kw>
<status status="FAIL" starttime="20190616 16:22:28.766" endtime="20190616 16:22:31.257"></status>
</kw>
<kw name="End web test" library="Common" type="teardown">
<kw name="Close Browser" library="SeleniumLibrary">
<doc>Closes the current browser.</doc>
<status status="PASS" starttime="20190616 16:22:31.258" endtime="20190616 16:22:32.153"></status>
</kw>
<status status="PASS" starttime="20190616 16:22:31.257" endtime="20190616 16:22:32.153"></status>
</kw>
<doc>This is part of the first test</doc>
<tags>
<tag>Test1</tag>
</tags>
<status status="FAIL" starttime="20190616 16:22:12.491" endtime="20190616 16:22:32.154" critical="yes">InvalidSelectorException: Message: Given xpath expression "html body#page-top.index section#team.bg-light-gray div.container div.row div.col-lg-12.text-center h2.section-heading" is invalid: SyntaxError: The expression is not a legal expression.
</status>
</test>
<test id="s1-t2" name="&quot;Team&quot; Page shoul match requirements">
<kw name="Begin web test" library="Common" type="setup">
<kw name="Open Browser" library="SeleniumLibrary">
<doc>Opens a new browser instance to the given ``url``.</doc>
<arguments>
<arg>${Star_url}</arg>
<arg>${BROWSER}</arg>
</arguments>
<msg timestamp="20190616 16:22:32.157" level="INFO">Opening browser 'firefox' to base url 'http://www.robotframeworktutorial.com/front-office'.</msg>
<status status="PASS" starttime="20190616 16:22:32.157" endtime="20190616 16:22:42.804"></status>
</kw>
<status status="PASS" starttime="20190616 16:22:32.157" endtime="20190616 16:22:42.804"></status>
</kw>
<kw name="Go to Landing Page" library="FrontOfficeApp">
<kw name="Navigate To" library="Landing">
<kw name="Go To" library="SeleniumLibrary">
<doc>Navigates the active browser instance to the provided ``url``.</doc>
<arguments>
<arg>${STAT_URL}</arg>
</arguments>
<msg timestamp="20190616 16:22:42.808" level="INFO">Opening url 'http://www.robotframeworktutorial.com/front-office/'</msg>
<status status="PASS" starttime="20190616 16:22:42.807" endtime="20190616 16:22:43.118"></status>
</kw>
<status status="PASS" starttime="20190616 16:22:42.807" endtime="20190616 16:22:43.118"></status>
</kw>
<kw name="Verify Page Loaded" library="Landing">
<kw name="Wait Until Element Is Visible" library="SeleniumLibrary">
<doc>Waits until element ``locator`` is visible.</doc>
<arguments>
<arg>${elment_verify}</arg>
</arguments>
<status status="PASS" starttime="20190616 16:22:43.119" endtime="20190616 16:22:43.162"></status>
</kw>
<kw name="Sleep" library="BuiltIn">
<doc>Pauses the test executed for the given time.</doc>
<arguments>
<arg>4s</arg>
</arguments>
<msg timestamp="20190616 16:22:47.164" level="INFO">Slept 4 seconds</msg>
<status status="PASS" starttime="20190616 16:22:43.162" endtime="20190616 16:22:47.164"></status>
</kw>
<status status="PASS" starttime="20190616 16:22:43.118" endtime="20190616 16:22:47.164"></status>
</kw>
<status status="PASS" starttime="20190616 16:22:42.805" endtime="20190616 16:22:47.165"></status>
</kw>
<kw name="Go to &quot;Team&quot; Page" library="FrontOfficeApp">
<kw name="Select &quot;Team&quot; Page" library="TopNav">
<kw name="Click Link" library="SeleniumLibrary">
<doc>Clicks a link identified by ``locator``.</doc>
<arguments>
<arg>${select_team_Link}</arg>
</arguments>
<msg timestamp="20190616 16:22:47.168" level="INFO">Clicking link 'xpath=/html/body/nav/div/div[2]/ul/li[5]/a'.</msg>
<status status="PASS" starttime="20190616 16:22:47.167" endtime="20190616 16:22:47.476"></status>
</kw>
<kw name="Sleep" library="BuiltIn">
<doc>Pauses the test executed for the given time.</doc>
<arguments>
<arg>2s</arg>
</arguments>
<msg timestamp="20190616 16:22:49.478" level="INFO">Slept 2 seconds</msg>
<status status="PASS" starttime="20190616 16:22:47.476" endtime="20190616 16:22:49.478"></status>
</kw>
<status status="PASS" starttime="20190616 16:22:47.166" endtime="20190616 16:22:49.478"></status>
</kw>
<kw name="Validate &quot;Team&quot; page" library="Team">
<kw name="Element Text Should Be" library="SeleniumLibrary">
<doc>Verifies that element ``locator`` contains exact text ``expected``.</doc>
<arguments>
<arg>${team_element}</arg>
<arg>OUR AMAZING TEAM</arg>
</arguments>
<msg timestamp="20190616 16:22:49.480" level="INFO">Verifying element 'xpath=html body#page-top.index section#team.bg-light-gray div.container div.row div.col-lg-12.text-center h2.section-heading' contains exact text 'OUR AMAZING TEAM'.</msg>
<kw name="Capture Page Screenshot" library="SeleniumLibrary">
<doc>Takes screenshot of the current page and embeds it into log file.</doc>
<msg timestamp="20190616 16:22:49.753" level="INFO" html="yes">&lt;/td&gt;&lt;/tr&gt;&lt;tr&gt;&lt;td colspan="3"&gt;&lt;a href="selenium-screenshot-2.png"&gt;&lt;img src="selenium-screenshot-2.png" width="800px"&gt;&lt;/a&gt;</msg>
<status status="PASS" starttime="20190616 16:22:49.488" endtime="20190616 16:22:49.753"></status>
</kw>
<msg timestamp="20190616 16:22:49.754" level="FAIL">InvalidSelectorException: Message: Given xpath expression "html body#page-top.index section#team.bg-light-gray div.container div.row div.col-lg-12.text-center h2.section-heading" is invalid: SyntaxError: The expression is not a legal expression.
</msg>
<status status="FAIL" starttime="20190616 16:22:49.479" endtime="20190616 16:22:49.755"></status>
</kw>
<status status="FAIL" starttime="20190616 16:22:49.478" endtime="20190616 16:22:49.755"></status>
</kw>
<status status="FAIL" starttime="20190616 16:22:47.166" endtime="20190616 16:22:49.755"></status>
</kw>
<kw name="End web test" library="Common" type="teardown">
<kw name="Close Browser" library="SeleniumLibrary">
<doc>Closes the current browser.</doc>
<status status="PASS" starttime="20190616 16:22:49.756" endtime="20190616 16:22:51.136"></status>
</kw>
<status status="PASS" starttime="20190616 16:22:49.756" endtime="20190616 16:22:51.136"></status>
</kw>
<doc>this is also another test</doc>
<tags>
<tag>Test2</tag>
</tags>
<status status="FAIL" starttime="20190616 16:22:32.156" endtime="20190616 16:22:51.137" critical="yes">InvalidSelectorException: Message: Given xpath expression "html body#page-top.index section#team.bg-light-gray div.container div.row div.col-lg-12.text-center h2.section-heading" is invalid: SyntaxError: The expression is not a legal expression.
</status>
</test>
<doc>this is only a test for the development of the couse I am currently doing</doc>
<status status="FAIL" starttime="20190616 16:22:11.796" endtime="20190616 16:22:51.139"></status>
</suite>
<statistics>
<total>
<stat pass="0" fail="2">Critical Tests</stat>
<stat pass="0" fail="2">All Tests</stat>
</total>
<tag>
<stat pass="0" fail="1">Test1</stat>
<stat pass="0" fail="1">Test2</stat>
</tag>
<suite>
<stat pass="0" fail="2" id="s1" name="Front Office">Front Office</stat>
</suite>
</statistics>
<errors>
</errors>
</robot>
