<?xml version="1.0" encoding="UTF-8"?>
<robot generator="Robot 3.1.2 (Python 3.6.2 on win32)" generated="20190613 16:14:23.299" rpa="false">
<suite id="s1" name="Front Office" source="C:\development\robot-scripts\robotframeworktest\tests\front_office.robot">
<test id="s1-t1" name="Should be able to access &quot;Team&quot; Page">
<kw name="Begin web test" library="Common" type="setup">
<kw name="Open Browser" library="SeleniumLibrary">
<doc>Opens a new browser instance to the given ``url``.</doc>
<arguments>
<arg>${Star_url}</arg>
<arg>${BROWSER}</arg>
</arguments>
<msg timestamp="20190613 16:14:23.517" level="INFO">Opening browser 'firefox' to base url 'http://www.robotframeworktutorial.com/front-office'.</msg>
<status status="PASS" starttime="20190613 16:14:23.516" endtime="20190613 16:14:35.100"></status>
</kw>
<status status="PASS" starttime="20190613 16:14:23.516" endtime="20190613 16:14:35.100"></status>
</kw>
<kw name="Go to Landing Page" library="FrontOfficeApp">
<kw name="Navigate To" library="Landing">
<kw name="Go To" library="SeleniumLibrary">
<doc>Navigates the active browser instance to the provided ``url``.</doc>
<arguments>
<arg>${STAT_URL}</arg>
</arguments>
<msg timestamp="20190613 16:14:35.103" level="INFO">Opening url 'http://www.robotframeworktutorial.com/front-office/'</msg>
<status status="PASS" starttime="20190613 16:14:35.102" endtime="20190613 16:14:35.237"></status>
</kw>
<status status="PASS" starttime="20190613 16:14:35.102" endtime="20190613 16:14:35.237"></status>
</kw>
<kw name="Verify Page Loaded" library="Landing">
<kw name="Wait Until Element Is Visible" library="SeleniumLibrary">
<doc>Waits until element ``locator`` is visible.</doc>
<arguments>
<arg>${elment_verify}</arg>
</arguments>
<status status="PASS" starttime="20190613 16:14:35.239" endtime="20190613 16:14:35.289"></status>
</kw>
<kw name="Sleep" library="BuiltIn">
<doc>Pauses the test executed for the given time.</doc>
<arguments>
<arg>4s</arg>
</arguments>
<msg timestamp="20190613 16:14:39.291" level="INFO">Slept 4 seconds</msg>
<status status="PASS" starttime="20190613 16:14:35.289" endtime="20190613 16:14:39.291"></status>
</kw>
<status status="PASS" starttime="20190613 16:14:35.238" endtime="20190613 16:14:39.291"></status>
</kw>
<status status="PASS" starttime="20190613 16:14:35.102" endtime="20190613 16:14:39.292"></status>
</kw>
<kw name="Go to &quot;Team&quot; Page" library="FrontOfficeApp">
<kw name="Select &quot;Team&quot; Page" library="TopNav">
<kw name="Click Link" library="SeleniumLibrary">
<doc>Clicks a link identified by ``locator``.</doc>
<arguments>
<arg>${select_team_Link}</arg>
</arguments>
<msg timestamp="20190613 16:14:39.296" level="INFO">Clicking link 'xpath=/html/body/nav/div/div[2]/ul/li[5]/a'.</msg>
<status status="PASS" starttime="20190613 16:14:39.295" endtime="20190613 16:14:39.576"></status>
</kw>
<kw name="Sleep" library="BuiltIn">
<doc>Pauses the test executed for the given time.</doc>
<arguments>
<arg>2s</arg>
</arguments>
<msg timestamp="20190613 16:14:41.577" level="INFO">Slept 2 seconds</msg>
<status status="PASS" starttime="20190613 16:14:39.576" endtime="20190613 16:14:41.578"></status>
</kw>
<status status="PASS" starttime="20190613 16:14:39.294" endtime="20190613 16:14:41.578"></status>
</kw>
<kw name="Validate &quot;Team&quot; page" library="Team">
<kw name="Element Text Should Be" library="SeleniumLibrary">
<doc>Verifies that element ``locator`` contains exact text ``expected``.</doc>
<arguments>
<arg>${team_element}</arg>
<arg>Our Amazing Team</arg>
</arguments>
<msg timestamp="20190613 16:14:41.579" level="INFO">Verifying element 'xpath=html body#page-top.index section#team.bg-light-gray div.container div.row div.col-lg-12.text-center h2.section-heading' contains exact text 'Our Amazing Team'.</msg>
<kw name="Capture Page Screenshot" library="SeleniumLibrary">
<doc>Takes screenshot of the current page and embeds it into log file.</doc>
<msg timestamp="20190613 16:14:41.705" level="INFO" html="yes">&lt;/td&gt;&lt;/tr&gt;&lt;tr&gt;&lt;td colspan="3"&gt;&lt;a href="selenium-screenshot-11.png"&gt;&lt;img src="selenium-screenshot-11.png" width="800px"&gt;&lt;/a&gt;</msg>
<status status="PASS" starttime="20190613 16:14:41.592" endtime="20190613 16:14:41.705"></status>
</kw>
<msg timestamp="20190613 16:14:41.770" level="FAIL">InvalidSelectorException: Message: Given xpath expression "html body#page-top.index section#team.bg-light-gray div.container div.row div.col-lg-12.text-center h2.section-heading" is invalid: SyntaxError: The expression is not a legal expression.
</msg>
<status status="FAIL" starttime="20190613 16:14:41.579" endtime="20190613 16:14:41.771"></status>
</kw>
<status status="FAIL" starttime="20190613 16:14:41.578" endtime="20190613 16:14:41.771"></status>
</kw>
<status status="FAIL" starttime="20190613 16:14:39.293" endtime="20190613 16:14:41.771"></status>
</kw>
<kw name="End web test" library="Common" type="teardown">
<kw name="Close Browser" library="SeleniumLibrary">
<doc>Closes the current browser.</doc>
<status status="PASS" starttime="20190613 16:14:41.772" endtime="20190613 16:14:43.210"></status>
</kw>
<status status="PASS" starttime="20190613 16:14:41.772" endtime="20190613 16:14:43.210"></status>
</kw>
<doc>This is part of the first test</doc>
<tags>
<tag>Test1</tag>
</tags>
<status status="FAIL" starttime="20190613 16:14:23.515" endtime="20190613 16:14:43.210" critical="yes">InvalidSelectorException: Message: Given xpath expression "html body#page-top.index section#team.bg-light-gray div.container div.row div.col-lg-12.text-center h2.section-heading" is invalid: SyntaxError: The expression is not a legal expression.
</status>
</test>
<test id="s1-t2" name="&quot;Team&quot; Page shoul match requirements">
<kw name="Begin web test" library="Common" type="setup">
<kw name="Open Browser" library="SeleniumLibrary">
<doc>Opens a new browser instance to the given ``url``.</doc>
<arguments>
<arg>${Star_url}</arg>
<arg>${BROWSER}</arg>
</arguments>
<msg timestamp="20190613 16:14:43.214" level="INFO">Opening browser 'firefox' to base url 'http://www.robotframeworktutorial.com/front-office'.</msg>
<status status="PASS" starttime="20190613 16:14:43.214" endtime="20190613 16:14:55.328"></status>
</kw>
<status status="PASS" starttime="20190613 16:14:43.213" endtime="20190613 16:14:55.329"></status>
</kw>
<kw name="Go to Landing Page" library="FrontOfficeApp">
<kw name="Navigate To" library="Landing">
<kw name="Go To" library="SeleniumLibrary">
<doc>Navigates the active browser instance to the provided ``url``.</doc>
<arguments>
<arg>${STAT_URL}</arg>
</arguments>
<msg timestamp="20190613 16:14:55.332" level="INFO">Opening url 'http://www.robotframeworktutorial.com/front-office/'</msg>
<status status="PASS" starttime="20190613 16:14:55.332" endtime="20190613 16:14:55.451"></status>
</kw>
<status status="PASS" starttime="20190613 16:14:55.331" endtime="20190613 16:14:55.451"></status>
</kw>
<kw name="Verify Page Loaded" library="Landing">
<kw name="Wait Until Element Is Visible" library="SeleniumLibrary">
<doc>Waits until element ``locator`` is visible.</doc>
<arguments>
<arg>${elment_verify}</arg>
</arguments>
<status status="PASS" starttime="20190613 16:14:55.452" endtime="20190613 16:14:55.480"></status>
</kw>
<kw name="Sleep" library="BuiltIn">
<doc>Pauses the test executed for the given time.</doc>
<arguments>
<arg>4s</arg>
</arguments>
<msg timestamp="20190613 16:14:59.490" level="INFO">Slept 4 seconds</msg>
<status status="PASS" starttime="20190613 16:14:55.480" endtime="20190613 16:14:59.490"></status>
</kw>
<status status="PASS" starttime="20190613 16:14:55.452" endtime="20190613 16:14:59.490"></status>
</kw>
<status status="PASS" starttime="20190613 16:14:55.331" endtime="20190613 16:14:59.490"></status>
</kw>
<kw name="Go to &quot;Team&quot; Page" library="FrontOfficeApp">
<kw name="Select &quot;Team&quot; Page" library="TopNav">
<kw name="Click Link" library="SeleniumLibrary">
<doc>Clicks a link identified by ``locator``.</doc>
<arguments>
<arg>${select_team_Link}</arg>
</arguments>
<msg timestamp="20190613 16:14:59.495" level="INFO">Clicking link 'xpath=/html/body/nav/div/div[2]/ul/li[5]/a'.</msg>
<status status="PASS" starttime="20190613 16:14:59.493" endtime="20190613 16:14:59.758"></status>
</kw>
<kw name="Sleep" library="BuiltIn">
<doc>Pauses the test executed for the given time.</doc>
<arguments>
<arg>2s</arg>
</arguments>
<msg timestamp="20190613 16:15:01.759" level="INFO">Slept 2 seconds</msg>
<status status="PASS" starttime="20190613 16:14:59.758" endtime="20190613 16:15:01.760"></status>
</kw>
<status status="PASS" starttime="20190613 16:14:59.493" endtime="20190613 16:15:01.760"></status>
</kw>
<kw name="Validate &quot;Team&quot; page" library="Team">
<kw name="Element Text Should Be" library="SeleniumLibrary">
<doc>Verifies that element ``locator`` contains exact text ``expected``.</doc>
<arguments>
<arg>${team_element}</arg>
<arg>Our Amazing Team</arg>
</arguments>
<msg timestamp="20190613 16:15:01.763" level="INFO">Verifying element 'xpath=html body#page-top.index section#team.bg-light-gray div.container div.row div.col-lg-12.text-center h2.section-heading' contains exact text 'Our Amazing Team'.</msg>
<kw name="Capture Page Screenshot" library="SeleniumLibrary">
<doc>Takes screenshot of the current page and embeds it into log file.</doc>
<msg timestamp="20190613 16:15:01.893" level="INFO" html="yes">&lt;/td&gt;&lt;/tr&gt;&lt;tr&gt;&lt;td colspan="3"&gt;&lt;a href="selenium-screenshot-12.png"&gt;&lt;img src="selenium-screenshot-12.png" width="800px"&gt;&lt;/a&gt;</msg>
<status status="PASS" starttime="20190613 16:15:01.783" endtime="20190613 16:15:01.893"></status>
</kw>
<msg timestamp="20190613 16:15:01.894" level="FAIL">InvalidSelectorException: Message: Given xpath expression "html body#page-top.index section#team.bg-light-gray div.container div.row div.col-lg-12.text-center h2.section-heading" is invalid: SyntaxError: The expression is not a legal expression.
</msg>
<status status="FAIL" starttime="20190613 16:15:01.762" endtime="20190613 16:15:01.894"></status>
</kw>
<status status="FAIL" starttime="20190613 16:15:01.761" endtime="20190613 16:15:01.894"></status>
</kw>
<status status="FAIL" starttime="20190613 16:14:59.492" endtime="20190613 16:15:01.894"></status>
</kw>
<kw name="End web test" library="Common" type="teardown">
<kw name="Close Browser" library="SeleniumLibrary">
<doc>Closes the current browser.</doc>
<status status="PASS" starttime="20190613 16:15:01.896" endtime="20190613 16:15:03.887"></status>
</kw>
<status status="PASS" starttime="20190613 16:15:01.895" endtime="20190613 16:15:03.887"></status>
</kw>
<doc>this is also another test</doc>
<tags>
<tag>Test2</tag>
</tags>
<status status="FAIL" starttime="20190613 16:14:43.212" endtime="20190613 16:15:03.887" critical="yes">InvalidSelectorException: Message: Given xpath expression "html body#page-top.index section#team.bg-light-gray div.container div.row div.col-lg-12.text-center h2.section-heading" is invalid: SyntaxError: The expression is not a legal expression.
</status>
</test>
<doc>this is only a test for the development of the couse I am currently doing</doc>
<status status="FAIL" starttime="20190613 16:14:23.301" endtime="20190613 16:15:03.887"></status>
</suite>
<statistics>
<total>
<stat pass="0" fail="2">Critical Tests</stat>
<stat pass="0" fail="2">All Tests</stat>
</total>
<tag>
<stat pass="0" fail="1">Test1</stat>
<stat pass="0" fail="1">Test2</stat>
</tag>
<suite>
<stat pass="0" fail="2" id="s1" name="Front Office">Front Office</stat>
</suite>
</statistics>
<errors>
</errors>
</robot>
